build/outputs/logs/manifest-merger-debug-report.txt
-- Merging decision tree log ---
manifest
ADDED from android\ShouDaoQingHuiFu\AndroidManifest.xml:2:1-93:12
	package
		ADDED from android\ShouDaoQingHuiFu\AndroidManifest.xml:2:70-105
	android:versionName
		INJECTED from android\ShouDaoQingHuiFu\AndroidManifest.xml
		INJECTED from android\ShouDaoQingHuiFu\AndroidManifest.xml
	xmlns:android
		ADDED from android\ShouDaoQingHuiFu\AndroidManifest.xml:2:11-69
	android:versionCode
		INJECTED from android\ShouDaoQingHuiFu\AndroidManifest.xml
		INJECTED from android\ShouDaoQingHuiFu\AndroidManifest.xml
uses-permission#android.permission.READ_CONTACTS
ADDED from android\ShouDaoQingHuiFu\AndroidManifest.xml:4:5-71
	android:name
		ADDED from android\ShouDaoQingHuiFu\AndroidManifest.xml:4:22-69
uses-permission#android.permission.SEND_SMS
ADDED from android\ShouDaoQingHuiFu\AndroidManifest.xml:5:5-66
	android:name
		ADDED from android\ShouDaoQingHuiFu\AndroidManifest.xml:5:22-64
uses-permission#android.permission.READ_EXTERNAL_STORAGE
ADDED from android\ShouDaoQingHuiFu\AndroidManifest.xml:6:5-79
	android:name
		ADDED from android\ShouDaoQingHuiFu\AndroidManifest.xml:6:22-77
uses-permission#android.permission.MOUNT_UNMOUNT_FILESYSTEMS
ADDED from android\ShouDaoQingHuiFu\AndroidManifest.xml:7:5-83
	android:name
		ADDED from android\ShouDaoQingHuiFu\AndroidManifest.xml:7:22-81
uses-permission#android.permission.WRITE_EXTERNAL_STORAGE
ADDED from android\ShouDaoQingHuiFu\AndroidManifest.xml:8:5-80
	android:name
		ADDED from android\ShouDaoQingHuiFu\AndroidManifest.xml:8:22-78
uses-permission#android.permission.RECEIVE_BOOT_COMPLETED
ADDED from android\ShouDaoQingHuiFu\AndroidManifest.xml:9:5-80
	android:name
		ADDED from android\ShouDaoQingHuiFu\AndroidManifest.xml:9:22-78
uses-permission#android.permission.VIBRATE
ADDED from android\ShouDaoQingHuiFu\AndroidManifest.xml:10:5-65
	android:name
		ADDED from android\ShouDaoQingHuiFu\AndroidManifest.xml:10:22-63
uses-permission#android.permission.ACCESS_NETWORK_STATE
ADDED from android\ShouDaoQingHuiFu\AndroidManifest.xml:11:5-78
	android:name
		ADDED from android\ShouDaoQingHuiFu\AndroidManifest.xml:11:22-76
uses-permission#android.permission.READ_CALENDAR
ADDED from android\ShouDaoQingHuiFu\AndroidManifest.xml:12:5-71
	android:name
		ADDED from android\ShouDaoQingHuiFu\AndroidManifest.xml:12:22-69
uses-permission#android.permission.WRITE_CALENDAR
ADDED from android\ShouDaoQingHuiFu\AndroidManifest.xml:13:5-72
	android:name
		ADDED from android\ShouDaoQingHuiFu\AndroidManifest.xml:13:22-70
uses-permission#android.permission.ACCESS_WIFI_STATE
ADDED from android\ShouDaoQingHuiFu\AndroidManifest.xml:14:5-75
	android:name
		ADDED from android\ShouDaoQingHuiFu\AndroidManifest.xml:14:22-73
uses-permission#android.permission.READ_PHONE_STATE
ADDED from android\ShouDaoQingHuiFu\AndroidManifest.xml:15:5-74
	android:name
		ADDED from android\ShouDaoQingHuiFu\AndroidManifest.xml:15:22-72
uses-permission#android.permission.INTERNET
ADDED from android\ShouDaoQingHuiFu\AndroidManifest.xml:16:5-66
	android:name
		ADDED from android\ShouDaoQingHuiFu\AndroidManifest.xml:16:22-64
uses-permission#android.permission.RECORD_AUDIO
ADDED from android\ShouDaoQingHuiFu\AndroidManifest.xml:17:5-71
	android:name
		ADDED from android\ShouDaoQingHuiFu\AndroidManifest.xml:17:22-68
application
ADDED from android\ShouDaoQingHuiFu\AndroidManifest.xml:19:5-91:15
MERGED from [com.android.support:cardview-v7:22.2.1] AndroidManifest.xml:22:5-20
MERGED from [com.android.support:design:22.2.1] AndroidManifest.xml:22:5-20
MERGED from [com.android.support:appcompat-v7:22.2.1] AndroidManifest.xml:22:5-20
MERGED from [com.android.support:support-v4:22.2.1] AndroidManifest.xml:22:5-20
MERGED from [com.android.support:support-v4:22.2.1] AndroidManifest.xml:22:5-20
MERGED from [com.android.support:appcompat-v7:22.2.1] AndroidManifest.xml:22:5-20
MERGED from [com.android.support:support-v4:22.2.1] AndroidManifest.xml:22:5-20
MERGED from [com.melnykov:floatingactionbutton:1.2.0] AndroidManifest.xml:12:5-20
MERGED from [com.android.support:recyclerview-v7:21.0.2] AndroidManifest.xml:17:5-19:19
MERGED from [com.android.support:support-v4:22.2.1] AndroidManifest.xml:22:5-20
MERGED from [com.android.support:support-v4:22.2.1] AndroidManifest.xml:22:5-20
	android:label
		ADDED from android\ShouDaoQingHuiFu\AndroidManifest.xml:19:90-122
	android:allowBackup
		ADDED from android\ShouDaoQingHuiFu\AndroidManifest.xml:19:18-44
	android:icon
		ADDED from android\ShouDaoQingHuiFu\AndroidManifest.xml:19:45-89
	android:theme
		ADDED from android\ShouDaoQingHuiFu\AndroidManifest.xml:19:123-154
activity#com.nuaa.shoudaoqinghuifu.Activity_Welcome
ADDED from android\ShouDaoQingHuiFu\AndroidManifest.xml:20:9-26:20
	android:label
		ADDED from android\ShouDaoQingHuiFu\AndroidManifest.xml:20:19-51
	android:theme
		ADDED from android\ShouDaoQingHuiFu\AndroidManifest.xml:20:85-141
	android:name
		ADDED from android\ShouDaoQingHuiFu\AndroidManifest.xml:20:52-84
intent-filter#android.intent.action.MAIN+android.intent.category.LAUNCHER
ADDED from android\ShouDaoQingHuiFu\AndroidManifest.xml:21:13-25:29
action#android.intent.action.MAIN
ADDED from android\ShouDaoQingHuiFu\AndroidManifest.xml:22:17-68
	android:name
		ADDED from android\ShouDaoQingHuiFu\AndroidManifest.xml:22:25-66
category#android.intent.category.LAUNCHER
ADDED from android\ShouDaoQingHuiFu\AndroidManifest.xml:24:17-76
	android:name
		ADDED from android\ShouDaoQingHuiFu\AndroidManifest.xml:24:27-74
activity#com.nuaa.shoudaoqinghuifu.Activity_Msg
ADDED from android\ShouDaoQingHuiFu\AndroidManifest.xml:28:9-106
	android:theme
		ADDED from android\ShouDaoQingHuiFu\AndroidManifest.xml:28:48-104
	android:name
		ADDED from android\ShouDaoQingHuiFu\AndroidManifest.xml:28:19-47
activity#com.nuaa.shoudaoqinghuifu.Activity_Group
ADDED from android\ShouDaoQingHuiFu\AndroidManifest.xml:30:9-108
	android:theme
		ADDED from android\ShouDaoQingHuiFu\AndroidManifest.xml:30:50-106
	android:name
		ADDED from android\ShouDaoQingHuiFu\AndroidManifest.xml:30:19-49
activity#com.nuaa.shoudaoqinghuifu.Activity_CheckMsg
ADDED from android\ShouDaoQingHuiFu\AndroidManifest.xml:32:9-111
	android:theme
		ADDED from android\ShouDaoQingHuiFu\AndroidManifest.xml:32:53-109
	android:name
		ADDED from android\ShouDaoQingHuiFu\AndroidManifest.xml:32:19-52
activity#com.nuaa.shoudaoqinghuifu.Activity_Memo
ADDED from android\ShouDaoQingHuiFu\AndroidManifest.xml:34:9-107
	android:theme
		ADDED from android\ShouDaoQingHuiFu\AndroidManifest.xml:34:49-105
	android:name
		ADDED from android\ShouDaoQingHuiFu\AndroidManifest.xml:34:19-48
activity#com.nuaa.shoudaoqinghuifu.Activity_Temp
ADDED from android\ShouDaoQingHuiFu\AndroidManifest.xml:36:9-107
	android:theme
		ADDED from android\ShouDaoQingHuiFu\AndroidManifest.xml:36:49-105
	android:name
		ADDED from android\ShouDaoQingHuiFu\AndroidManifest.xml:36:19-48
activity#com.nuaa.shoudaoqinghuifu.Activity_AddTemp
ADDED from android\ShouDaoQingHuiFu\AndroidManifest.xml:38:9-110
	android:theme
		ADDED from android\ShouDaoQingHuiFu\AndroidManifest.xml:38:52-108
	android:name
		ADDED from android\ShouDaoQingHuiFu\AndroidManifest.xml:38:19-51
activity#com.nuaa.shoudaoqinghuifu.Activity_SendMsg
ADDED from android\ShouDaoQingHuiFu\AndroidManifest.xml:40:9-170
	android:windowSoftInputMode
		ADDED from android\ShouDaoQingHuiFu\AndroidManifest.xml:40:109-168
	android:theme
		ADDED from android\ShouDaoQingHuiFu\AndroidManifest.xml:40:52-108
	android:name
		ADDED from android\ShouDaoQingHuiFu\AndroidManifest.xml:40:19-51
activity#com.nuaa.shoudaoqinghuifu.Activity_Feedback
ADDED from android\ShouDaoQingHuiFu\AndroidManifest.xml:42:9-171
	android:windowSoftInputMode
		ADDED from android\ShouDaoQingHuiFu\AndroidManifest.xml:42:110-169
	android:theme
		ADDED from android\ShouDaoQingHuiFu\AndroidManifest.xml:42:53-109
	android:name
		ADDED from android\ShouDaoQingHuiFu\AndroidManifest.xml:42:19-52
activity#com.nuaa.shoudaoqinghuifu.Activity_Contacts
ADDED from android\ShouDaoQingHuiFu\AndroidManifest.xml:44:9-111
	android:theme
		ADDED from android\ShouDaoQingHuiFu\AndroidManifest.xml:44:53-109
	android:name
		ADDED from android\ShouDaoQingHuiFu\AndroidManifest.xml:44:19-52
activity#com.nuaa.shoudaoqinghuifu.Activity_CheckMemo
ADDED from android\ShouDaoQingHuiFu\AndroidManifest.xml:46:9-112
	android:theme
		ADDED from android\ShouDaoQingHuiFu\AndroidManifest.xml:46:54-110
	android:name
		ADDED from android\ShouDaoQingHuiFu\AndroidManifest.xml:46:19-53
activity#com.nuaa.shoudaoqinghuifu.Activity_AddGroup
ADDED from android\ShouDaoQingHuiFu\AndroidManifest.xml:48:9-171
	android:windowSoftInputMode
		ADDED from android\ShouDaoQingHuiFu\AndroidManifest.xml:48:110-169
	android:theme
		ADDED from android\ShouDaoQingHuiFu\AndroidManifest.xml:48:53-109
	android:name
		ADDED from android\ShouDaoQingHuiFu\AndroidManifest.xml:48:19-52
activity#com.nuaa.shoudaoqinghuifu.Activity_AddMemo
ADDED from android\ShouDaoQingHuiFu\AndroidManifest.xml:50:9-165
	android:windowSoftInputMode
		ADDED from android\ShouDaoQingHuiFu\AndroidManifest.xml:50:109-163
	android:theme
		ADDED from android\ShouDaoQingHuiFu\AndroidManifest.xml:50:52-108
	android:name
		ADDED from android\ShouDaoQingHuiFu\AndroidManifest.xml:50:19-51
activity#com.nuaa.shoudaoqinghuifu.Activity_Preference
ADDED from android\ShouDaoQingHuiFu\AndroidManifest.xml:52:9-94
	android:theme
		ADDED from android\ShouDaoQingHuiFu\AndroidManifest.xml:52:55-92
	android:name
		ADDED from android\ShouDaoQingHuiFu\AndroidManifest.xml:52:19-54
activity#com.nuaa.shoudaoqinghuifu.Activity_About
ADDED from android\ShouDaoQingHuiFu\AndroidManifest.xml:54:9-108
	android:theme
		ADDED from android\ShouDaoQingHuiFu\AndroidManifest.xml:54:50-106
	android:name
		ADDED from android\ShouDaoQingHuiFu\AndroidManifest.xml:54:19-49
receiver#com.nuaa.shoudaoqinghuifu.BroadcastReceiver_CatchBoot
ADDED from android\ShouDaoQingHuiFu\AndroidManifest.xml:56:9-60:20
	android:name
		ADDED from android\ShouDaoQingHuiFu\AndroidManifest.xml:56:19-62
intent-filter#android.intent.action.BOOT_COMPLETED
ADDED from android\ShouDaoQingHuiFu\AndroidManifest.xml:57:13-59:29
action#android.intent.action.BOOT_COMPLETED
ADDED from android\ShouDaoQingHuiFu\AndroidManifest.xml:58:17-78
	android:name
		ADDED from android\ShouDaoQingHuiFu\AndroidManifest.xml:58:25-76
receiver#com.nuaa.shoudaoqinghuifu.BroadcastReceiver_Alarm
ADDED from android\ShouDaoQingHuiFu\AndroidManifest.xml:62:9-66:20
	android:exported
		ADDED from android\ShouDaoQingHuiFu\AndroidManifest.xml:62:19-43
	android:name
		ADDED from android\ShouDaoQingHuiFu\AndroidManifest.xml:62:44-83
intent-filter#com.nuaa.action.alarm
ADDED from android\ShouDaoQingHuiFu\AndroidManifest.xml:63:13-65:29
action#com.nuaa.action.alarm
ADDED from android\ShouDaoQingHuiFu\AndroidManifest.xml:64:17-63
	android:name
		ADDED from android\ShouDaoQingHuiFu\AndroidManifest.xml:64:25-61
receiver#com.nuaa.shoudaoqinghuifu.BroadcastReceiver_SendMsg
ADDED from android\ShouDaoQingHuiFu\AndroidManifest.xml:68:9-72:20
	android:exported
		ADDED from android\ShouDaoQingHuiFu\AndroidManifest.xml:68:19-43
	android:name
		ADDED from android\ShouDaoQingHuiFu\AndroidManifest.xml:68:44-85
intent-filter#com.nuaa.action.sendmsg
ADDED from android\ShouDaoQingHuiFu\AndroidManifest.xml:69:13-71:29
action#com.nuaa.action.sendmsg
ADDED from android\ShouDaoQingHuiFu\AndroidManifest.xml:70:17-65
	android:name
		ADDED from android\ShouDaoQingHuiFu\AndroidManifest.xml:70:25-63
service#com.nuaa.shoudaoqinghuifu.Service_Alarm
ADDED from android\ShouDaoQingHuiFu\AndroidManifest.xml:74:9-49
	android:name
		ADDED from android\ShouDaoQingHuiFu\AndroidManifest.xml:74:18-47
service#com.umeng.update.net.DownloadingService
ADDED from android\ShouDaoQingHuiFu\AndroidManifest.xml:76:9-79:19
	android:process
		ADDED from android\ShouDaoQingHuiFu\AndroidManifest.xml:78:13-50
	android:name
		ADDED from android\ShouDaoQingHuiFu\AndroidManifest.xml:77:13-67
activity#com.umeng.update.UpdateDialogActivity
ADDED from android\ShouDaoQingHuiFu\AndroidManifest.xml:80:9-83:20
	android:theme
		ADDED from android\ShouDaoQingHuiFu\AndroidManifest.xml:82:13-72
	android:name
		ADDED from android\ShouDaoQingHuiFu\AndroidManifest.xml:81:13-65
activity#com.umeng.fb.ConversationActivity
ADDED from android\ShouDaoQingHuiFu\AndroidManifest.xml:85:9-86:63
	android:name
		ADDED from android\ShouDaoQingHuiFu\AndroidManifest.xml:86:13-61
meta-data#UMENG_APPKEY
ADDED from android\ShouDaoQingHuiFu\AndroidManifest.xml:88:9-90
	android:value
		ADDED from android\ShouDaoQingHuiFu\AndroidManifest.xml:88:20-60
	android:name
		ADDED from android\ShouDaoQingHuiFu\AndroidManifest.xml:88:61-88
meta-data#UMENG_CHANNEL
ADDED from android\ShouDaoQingHuiFu\AndroidManifest.xml:89:9-77
	android:value
		ADDED from android\ShouDaoQingHuiFu\AndroidManifest.xml:89:20-46
	android:name
		ADDED from android\ShouDaoQingHuiFu\AndroidManifest.xml:89:47-75
uses-sdk
INJECTED from android\ShouDaoQingHuiFu\AndroidManifest.xml reason: use-sdk injection requested
MERGED from [com.android.support:cardview-v7:22.2.1] AndroidManifest.xml:20:5-43
MERGED from [com.android.support:design:22.2.1] AndroidManifest.xml:20:5-43
MERGED from [com.android.support:appcompat-v7:22.2.1] AndroidManifest.xml:20:5-43
MERGED from [com.android.support:support-v4:22.2.1] AndroidManifest.xml:20:5-43
MERGED from [com.android.support:support-v4:22.2.1] AndroidManifest.xml:20:5-43
MERGED from [com.android.support:appcompat-v7:22.2.1] AndroidManifest.xml:20:5-43
MERGED from [com.android.support:support-v4:22.2.1] AndroidManifest.xml:20:5-43
MERGED from [me.drakeet.materialdialog:library:1.2.2] AndroidManifest.xml:8:5-10:41
MERGED from [com.melnykov:floatingactionbutton:1.2.0] AndroidManifest.xml:8:5-10:41
MERGED from [com.android.support:recyclerview-v7:21.0.2] AndroidManifest.xml:15:5-42
MERGED from [com.android.support:support-v4:22.2.1] AndroidManifest.xml:20:5-43
MERGED from [com.android.support:support-v4:22.2.1] AndroidManifest.xml:20:5-43
	android:targetSdkVersion
		INJECTED from android\ShouDaoQingHuiFu\AndroidManifest.xml
		INJECTED from android\ShouDaoQingHuiFu\AndroidManifest.xml
	android:minSdkVersion
		INJECTED from android\ShouDaoQingHuiFu\AndroidManifest.xml
		INJECTED from android\ShouDaoQingHuiFu\AndroidManifest.xml
activity#android.support.v7.widget.TestActivity
ADDED from [com.android.support:recyclerview-v7:21.0.2] AndroidManifest.xml:18:9-115
	android:label
		ADDED from [com.android.support:recyclerview-v7:21.0.2] AndroidManifest.xml:18:19-59
	android:name
		ADDED from [com.android.support:recyclerview-v7:21.0.2] AndroidManifest.xml:18:60-113